Fe2O3-1x1_new-dataset 210507-152233                                             
 23
   4   1.00000   0.00000  1
   6   1.00000   1.00000  1
   9   1.00000  -1.00000  1
  10   0.00000   2.00000  1
  11   0.00000  -2.00000  1
  12   2.00000   0.00000  1
  14   1.00000   2.00000  1
  17   1.00000  -2.00000  1
  18   2.00000   1.00000  1
  21   2.00000  -1.00000  1
  22   2.00000   2.00000  1
  25   2.00000  -2.00000  1
  28   1.00000   3.00000  1
  31   1.00000  -3.00000  1
  32   3.00000   0.00000  1
  34   3.00000   1.00000  1
  37   3.00000  -1.00000  1
  38   2.00000   3.00000  1
  41   2.00000  -3.00000  1
  42   3.00000   2.00000  1
  45   3.00000  -2.00000  1
  54   3.00000   3.00000  1
  57   3.00000  -3.00000  1
  45.00 0.0001   0.44568E-02   0.37755E-03   0.16495E-02   0.16344E-02
   0.65644E-02   0.28831E-02   0.29205E-02   0.66762E-03   0.24734E-02
   0.22105E-02   0.29523E-04   0.25182E-03   0.00000E+00   0.00000E+00
   0.00000E+00   0.00000E+00   0.00000E+00   0.00000E+00   0.00000E+00
   0.00000E+00   0.00000E+00   0.00000E+00   0.00000E+00
  48.00 0.0001   0.45183E-02   0.10070E-02   0.16923E-02   0.55921E-03
   0.61990E-02   0.24035E-02   0.37314E-02   0.42800E-03   0.23039E-02
   0.18904E-02   0.32118E-04   0.53122E-03   0.00000E+00   0.00000E+00
   0.00000E+00   0.00000E+00   0.00000E+00   0.00000E+00   0.00000E+00
   0.00000E+00   0.00000E+00   0.00000E+00   0.00000E+00
  51.00 0.0001   0.40623E-02   0.14937E-02   0.14393E-02   0.23345E-03
   0.62731E-02   0.16050E-02   0.49353E-02   0.12349E-03   0.16018E-02
   0.20108E-02   0.53015E-04   0.57511E-03   0.00000E+00   0.00000E+00
   0.00000E+00   0.00000E+00   0.00000E+00   0.00000E+00   0.00000E+00
   0.00000E+00   0.00000E+00   0.00000E+00   0.00000E+00
  54.00 0.0001   0.35972E-02   0.15417E-02   0.11472E-02   0.76201E-04
   0.63943E-02   0.11262E-02   0.59541E-02   0.24266E-03   0.10462E-02
   0.21157E-02   0.22694E-03   0.53964E-03   0.43741E-03   0.38975E-03
   0.10163E-03   0.00000E+00   0.00000E+00   0.00000E+00   0.00000E+00
   0.00000E+00   0.00000E+00   0.00000E+00   0.00000E+00
  57.00 0.0001   0.35424E-02   0.14693E-02   0.11807E-02   0.14550E-03
   0.62103E-02   0.89794E-03   0.54715E-02   0.40315E-03   0.62892E-03
   0.22863E-02   0.55792E-03   0.54081E-03   0.55283E-03   0.65585E-03
   0.27246E-03   0.00000E+00   0.00000E+00   0.00000E+00   0.00000E+00
   0.00000E+00   0.00000E+00   0.00000E+00   0.00000E+00
  60.00 0.0001   0.39270E-02   0.18069E-02   0.14072E-02   0.63114E-03
   0.50273E-02   0.68215E-03   0.38693E-02   0.44235E-03   0.68734E-03
   0.25565E-02   0.79969E-03   0.56290E-03   0.61434E-03   0.59402E-03
   0.35184E-03   0.24614E-03   0.11284E-02   0.00000E+00   0.00000E+00
   0.00000E+00   0.00000E+00   0.00000E+00   0.00000E+00
  63.00 0.0001   0.40313E-02   0.21721E-02   0.16566E-02   0.11874E-02
   0.33434E-02   0.65628E-03   0.29718E-02   0.31646E-03   0.81296E-03
   0.30024E-02   0.65926E-03   0.63037E-03   0.59866E-03   0.47768E-03
   0.41442E-03   0.52209E-03   0.23347E-02   0.00000E+00   0.00000E+00
   0.00000E+00   0.00000E+00   0.00000E+00   0.00000E+00
  66.00 0.0001   0.39353E-02   0.18241E-02   0.14181E-02   0.20947E-02
   0.25853E-02   0.96341E-03   0.24969E-02   0.28028E-03   0.65533E-03
   0.35026E-02   0.46644E-03   0.66191E-03   0.68565E-03   0.42503E-03
   0.35017E-03   0.73087E-03   0.27645E-02   0.00000E+00   0.00000E+00
   0.00000E+00   0.00000E+00   0.00000E+00   0.00000E+00
  69.00 0.0001   0.37592E-02   0.11562E-02   0.11281E-02   0.30368E-02
   0.30403E-02   0.95191E-03   0.18609E-02   0.47686E-03   0.49197E-03
   0.36884E-02   0.43960E-03   0.61461E-03   0.88005E-03   0.43552E-03
   0.23789E-03   0.91175E-03   0.25323E-02   0.00000E+00   0.00000E+00
   0.00000E+00   0.00000E+00   0.00000E+00   0.00000E+00
  72.00 0.0001   0.29121E-02   0.71252E-03   0.88079E-03   0.27464E-02
   0.33226E-02   0.56119E-03   0.13041E-02   0.89570E-03   0.47061E-03
   0.33212E-02   0.39660E-03   0.57578E-03   0.89045E-03   0.53155E-03
   0.23031E-03   0.10763E-02   0.22491E-02   0.21920E-04   0.23680E-03
   0.00000E+00   0.00000E+00   0.00000E+00   0.00000E+00
  75.00 0.0001   0.21869E-02   0.48787E-03   0.61990E-03   0.18389E-02
   0.32296E-02   0.22728E-03   0.10782E-02   0.14648E-02   0.45445E-03
   0.27781E-02   0.40443E-03   0.56701E-03   0.73639E-03   0.71359E-03
   0.37494E-03   0.10531E-02   0.18524E-02   0.70182E-04   0.25547E-03
   0.24843E-03   0.66411E-04   0.00000E+00   0.00000E+00
  78.00 0.0001   0.20657E-02   0.28454E-03   0.41484E-03   0.15409E-02
   0.28987E-02   0.96251E-04   0.15602E-02   0.17429E-02   0.38787E-03
   0.22576E-02   0.66071E-03   0.50821E-03   0.59464E-03   0.78666E-03
   0.54750E-03   0.84903E-03   0.15931E-02   0.11900E-03   0.19962E-03
   0.36867E-03   0.92409E-04   0.00000E+00   0.00000E+00
  81.00 0.0001   0.18569E-02   0.89986E-04   0.39457E-03   0.16105E-02
   0.23512E-02   0.13627E-03   0.24924E-02   0.15769E-02   0.28072E-03
   0.19301E-02   0.11633E-02   0.34364E-03   0.51677E-03   0.65352E-03
   0.61777E-03   0.61441E-03   0.18929E-02   0.13621E-03   0.20610E-03
   0.34044E-03   0.19599E-03   0.00000E+00   0.00000E+00
  84.00 0.0001   0.14232E-02   0.55004E-04   0.11070E-02   0.13709E-02
   0.12651E-02   0.33138E-03   0.31371E-02   0.16474E-02   0.17890E-03
   0.15435E-02   0.10125E-02   0.17374E-03   0.52406E-03   0.42358E-03
   0.56361E-03   0.35171E-03   0.29574E-02   0.14985E-03   0.28673E-03
   0.29708E-03   0.33456E-03   0.00000E+00   0.00000E+00
  87.00 0.0001   0.14343E-02   0.37331E-03   0.21140E-02   0.72796E-03
   0.35441E-03   0.66647E-03   0.30418E-02   0.17597E-02   0.36331E-03
   0.10938E-02   0.30282E-03   0.51419E-04   0.64182E-03   0.33339E-03
   0.42320E-03   0.13121E-03   0.29102E-02   0.22073E-03   0.51321E-03
   0.39467E-03   0.29304E-03   0.00000E+00   0.00000E+00
  90.00 0.0001   0.18684E-02   0.15235E-02   0.26278E-02   0.20304E-03
   0.44667E-03   0.11616E-02   0.24981E-02   0.16598E-02   0.90046E-03
   0.78989E-03   0.35455E-04   0.75857E-04   0.69565E-03   0.37511E-03
   0.22044E-03   0.14219E-03   0.17421E-02   0.42241E-03   0.55199E-03
   0.40487E-03   0.21068E-03   0.00000E+00   0.00000E+00
  93.00 0.0001   0.21168E-02   0.34250E-02   0.26671E-02   0.70973E-04
   0.69028E-03   0.14266E-02   0.19132E-02   0.12248E-02   0.12806E-02
   0.53171E-03   0.45355E-03   0.12662E-03   0.65350E-03   0.43914E-03
   0.84939E-04   0.20176E-03   0.11410E-02   0.57717E-03   0.36819E-03
   0.39597E-03   0.27964E-03   0.00000E+00   0.00000E+00
  96.00 0.0001   0.20187E-02   0.51220E-02   0.29810E-02   0.73808E-03
   0.86097E-03   0.12654E-02   0.15989E-02   0.51419E-03   0.12975E-02
   0.29275E-03   0.11135E-02   0.19108E-03   0.53598E-03   0.58455E-03
   0.56305E-04   0.14201E-03   0.10697E-02   0.49312E-03   0.15357E-03
   0.41121E-03   0.41098E-03   0.00000E+00   0.00000E+00
  99.00 0.0001   0.18083E-02   0.61644E-02   0.32843E-02   0.14107E-02
   0.11217E-02   0.90908E-03   0.13167E-02   0.21601E-03   0.88455E-03
   0.15824E-03   0.17147E-02   0.24624E-03   0.43206E-03   0.59890E-03
   0.15348E-03   0.17620E-03   0.12119E-02   0.45060E-03   0.16445E-03
   0.28163E-03   0.43841E-03   0.53853E-04   0.00000E+00
 102.00 0.0001   0.15421E-02   0.62692E-02   0.36505E-02   0.17138E-02
   0.14717E-02   0.67499E-03   0.89626E-03   0.31888E-03   0.44169E-03
   0.11519E-03   0.19835E-02   0.20344E-03   0.37914E-03   0.49494E-03
   0.37004E-03   0.36053E-03   0.12082E-02   0.62916E-03   0.31349E-03
   0.20662E-03   0.39225E-03   0.77716E-04   0.61901E-03
 105.00 0.0001   0.90149E-03   0.57899E-02   0.39607E-02   0.15291E-02
   0.15797E-02   0.43698E-03   0.45695E-03   0.10487E-02   0.21841E-03
   0.95380E-04   0.20340E-02   0.19013E-03   0.46466E-03   0.39154E-03
   0.54333E-03   0.64069E-03   0.11752E-02   0.70894E-03   0.22557E-03
   0.31001E-03   0.35951E-03   0.13541E-03   0.74523E-03
 108.00 0.0001   0.24953E-03   0.51883E-02   0.41725E-02   0.11502E-02
   0.14109E-02   0.27099E-03   0.19298E-03   0.25409E-02   0.10679E-03
   0.11369E-03   0.23013E-02   0.26567E-03   0.75846E-03   0.17626E-03
   0.50856E-03   0.85330E-03   0.11715E-02   0.59386E-03   0.36914E-04
   0.34861E-03   0.23898E-03   0.34386E-03   0.70955E-03
 111.00 0.0001   0.17785E-04   0.44687E-02   0.38238E-02   0.85778E-03
   0.11338E-02   0.21892E-03   0.11087E-03   0.38396E-02   0.53320E-04
   0.23546E-03   0.23325E-02   0.30894E-03   0.11148E-02   0.79776E-04
   0.37348E-03   0.94641E-03   0.10820E-02   0.52389E-03   0.58334E-04
   0.15587E-03   0.89707E-04   0.63490E-03   0.63329E-03
 114.00 0.0001   0.37342E-05   0.35763E-02   0.32434E-02   0.76972E-03
   0.83999E-03   0.15449E-03   0.18896E-03   0.35066E-02   0.56429E-03
   0.40789E-03   0.19602E-02   0.38501E-03   0.15185E-02   0.15702E-03
   0.34720E-03   0.69843E-03   0.97025E-03   0.56964E-03   0.34418E-03
   0.78750E-05   0.62821E-04   0.97422E-03   0.47490E-03
 117.00 0.0001   0.11787E-04   0.28943E-02   0.34144E-02   0.11778E-02
   0.51063E-03   0.10936E-03   0.27642E-03   0.23082E-02   0.14198E-02
   0.44712E-03   0.17579E-02   0.52106E-03   0.17201E-02   0.28822E-03
   0.39957E-03   0.39320E-03   0.79601E-03   0.72072E-03   0.76224E-03
   0.36254E-04   0.83399E-04   0.11357E-02   0.30655E-03
 120.00 0.0001   0.30694E-05   0.28858E-02   0.44971E-02   0.15134E-02
   0.78621E-04   0.18130E-03   0.24949E-03   0.13777E-02   0.23410E-02
   0.35930E-03   0.14760E-02   0.59409E-03   0.12400E-02   0.37215E-03
   0.51113E-03   0.38013E-03   0.58942E-03   0.73074E-03   0.10446E-02
   0.10058E-03   0.12110E-03   0.95277E-03   0.17607E-03
 123.00 0.0001   0.41707E-04   0.34161E-02   0.60588E-02   0.14958E-02
   0.34206E-03   0.18526E-03   0.14689E-03   0.98073E-03   0.26796E-02
   0.31165E-03   0.99581E-03   0.54524E-03   0.73562E-03   0.34188E-03
   0.73577E-03   0.42632E-03   0.37275E-03   0.60465E-03   0.11220E-02
   0.11244E-03   0.18190E-03   0.68037E-03   0.95238E-04
 126.00 0.0001   0.10521E-03   0.41295E-02   0.70414E-02   0.14678E-02
   0.16540E-02   0.20940E-03   0.65351E-04   0.76278E-03   0.20514E-02
   0.23920E-03   0.54837E-03   0.43230E-03   0.62134E-03   0.25040E-03
   0.10163E-02   0.50166E-03   0.31490E-03   0.57922E-03   0.10505E-02
   0.79281E-04   0.25573E-03   0.45867E-03   0.55292E-04
 129.00 0.0001   0.11045E-03   0.44769E-02   0.64893E-02   0.18857E-02
   0.26127E-02   0.48961E-03   0.11099E-03   0.54525E-03   0.13418E-02
   0.18356E-03   0.29258E-03   0.34260E-03   0.64132E-03   0.16414E-03
   0.12188E-02   0.60385E-03   0.48491E-03   0.58668E-03   0.74209E-03
   0.39916E-04   0.33587E-03   0.36702E-03   0.53483E-04
 132.00 0.0001   0.77982E-04   0.43737E-02   0.49641E-02   0.31139E-02
   0.23291E-02   0.12386E-02   0.22745E-03   0.42219E-03   0.85086E-03
   0.11999E-03   0.16845E-03   0.35852E-03   0.69072E-03   0.21907E-03
   0.12409E-02   0.63040E-03   0.76534E-03   0.51933E-03   0.38404E-03
   0.20307E-04   0.38819E-03   0.27505E-03   0.10430E-03
 135.00 0.0001   0.40227E-04   0.35531E-02   0.37490E-02   0.52780E-02
   0.13825E-02   0.21242E-02   0.31392E-03   0.48728E-03   0.57812E-03
   0.55311E-04   0.45021E-04   0.41598E-03   0.74195E-03   0.20774E-03
   0.92419E-03   0.60733E-03   0.82342E-03   0.38501E-03   0.17426E-03
   0.22310E-04   0.47695E-03   0.11401E-03   0.12246E-03
 138.00 0.0001   0.16693E-04   0.23210E-02   0.31978E-02   0.73521E-02
   0.87841E-03   0.23430E-02   0.36826E-03   0.88971E-03   0.49419E-03
   0.96230E-04   0.16590E-05   0.37371E-03   0.79358E-03   0.58614E-04
   0.52620E-03   0.50528E-03   0.85027E-03   0.22375E-03   0.99975E-04
   0.47526E-05   0.54555E-03   0.33622E-04   0.10576E-03
 141.00 0.0001   0.15172E-04   0.13062E-02   0.27984E-02   0.77749E-02
   0.82056E-03   0.18942E-02   0.38483E-03   0.13587E-02   0.51966E-03
   0.31836E-03   0.10717E-03   0.32515E-03   0.89273E-03   0.48071E-04
   0.34540E-03   0.38672E-03   0.11094E-02   0.12786E-03   0.84038E-04
   0.22462E-04   0.58184E-03   0.14656E-03   0.18435E-03
 144.00 0.0001   0.61935E-04   0.89471E-03   0.23892E-02   0.68580E-02
   0.68936E-03   0.14539E-02   0.39783E-03   0.16553E-02   0.68647E-03
   0.70976E-03   0.51378E-03   0.21335E-03   0.89234E-03   0.22088E-03
   0.30333E-03   0.37454E-03   0.15572E-02   0.36520E-04   0.87348E-04
   0.11912E-03   0.60659E-03   0.33303E-03   0.24031E-03
 147.00 0.0001   0.16690E-03   0.83426E-03   0.19139E-02   0.52232E-02
   0.45550E-03   0.14146E-02   0.33357E-03   0.18593E-02   0.10192E-02
   0.13189E-02   0.13757E-02   0.68334E-04   0.80502E-03   0.50918E-03
   0.21097E-03   0.46430E-03   0.17136E-02   0.13066E-03   0.82272E-04
   0.17950E-03   0.53869E-03   0.44427E-03   0.25581E-03
 150.00 0.0001   0.21147E-03   0.63794E-03   0.12698E-02   0.38875E-02
   0.61559E-03   0.16167E-02   0.19987E-03   0.15371E-02   0.14109E-02
   0.16563E-02   0.22666E-02   0.67535E-06   0.67300E-03   0.82856E-03
   0.11796E-03   0.56646E-03   0.18603E-02   0.25171E-03   0.42592E-04
   0.15197E-03   0.35399E-03   0.41126E-03   0.30413E-03
 153.00 0.0001   0.18839E-03   0.34775E-03   0.59015E-03   0.31301E-02
   0.11849E-02   0.18686E-02   0.11812E-03   0.91493E-03   0.15851E-02
   0.13773E-02   0.24423E-02   0.40507E-04   0.57633E-03   0.11104E-02
   0.66933E-04   0.53954E-03   0.16966E-02   0.40347E-03   0.15115E-04
   0.11682E-03   0.21222E-03   0.31281E-03   0.37714E-03
 156.00 0.0001   0.12861E-03   0.84941E-04   0.16275E-03   0.24818E-02
   0.16644E-02   0.19378E-02   0.10337E-03   0.43719E-03   0.16741E-02
   0.78273E-03   0.19386E-02   0.11418E-03   0.50646E-03   0.11990E-02
   0.19313E-04   0.41521E-03   0.11864E-02   0.57125E-03   0.17125E-04
   0.11196E-03   0.14048E-03   0.15845E-03   0.36794E-03
 159.00 0.0001   0.61443E-04   0.44473E-05   0.20294E-05   0.20995E-02
   0.21305E-02   0.18855E-02   0.57869E-04   0.10990E-03   0.17339E-02
   0.36040E-03   0.14409E-02   0.13715E-03   0.37784E-03   0.11847E-02
   0.21627E-04   0.45005E-03   0.74886E-03   0.62545E-03   0.18013E-04
   0.12309E-03   0.85663E-04   0.32540E-04   0.20712E-03
 162.00 0.0001   0.28349E-04   0.48479E-04   0.10454E-03   0.22495E-02
   0.30926E-02   0.19606E-02   0.40012E-04   0.10319E-03   0.16646E-02
   0.25694E-03   0.97813E-03   0.11363E-03   0.20365E-03   0.12500E-02
   0.65362E-04   0.47807E-03   0.59098E-03   0.50248E-03   0.20380E-04
   0.98759E-04   0.17575E-04   0.56926E-05   0.37637E-04
 165.00 0.0001   0.55826E-04   0.11171E-03   0.37651E-03   0.29963E-02
   0.47009E-02   0.22462E-02   0.74193E-04   0.23041E-03   0.12078E-02
   0.19137E-03   0.64538E-03   0.83613E-04   0.73939E-04   0.12562E-02
   0.97453E-04   0.42152E-03   0.63325E-03   0.26230E-03   0.87494E-04
   0.55827E-04   0.88435E-05   0.37279E-04   0.15228E-04
 168.00 0.0001   0.74800E-04   0.33923E-03   0.63249E-03   0.40721E-02
   0.49570E-02   0.28353E-02   0.10609E-03   0.27217E-03   0.62212E-03
   0.10257E-03   0.59020E-03   0.59667E-04   0.71598E-04   0.10221E-02
   0.53470E-04   0.42191E-03   0.64223E-03   0.74291E-04   0.18245E-03
   0.32972E-04   0.94270E-04   0.42491E-04   0.24888E-03
 171.00 0.0001   0.45914E-04   0.81867E-03   0.64493E-03   0.54880E-02
   0.40960E-02   0.33153E-02   0.83364E-04   0.24354E-03   0.36027E-03
   0.51447E-04   0.54417E-03   0.41514E-04   0.14150E-03   0.72692E-03
   0.79447E-05   0.53742E-03   0.51488E-03   0.11474E-04   0.20398E-03
   0.41561E-04   0.17724E-03   0.15107E-04   0.58927E-03
 174.00 0.0001   0.74380E-05   0.12146E-02   0.56415E-03   0.69916E-02
   0.31855E-02   0.37911E-02   0.55837E-04   0.16116E-03   0.34679E-03
   0.21575E-04   0.51889E-03   0.10248E-03   0.11521E-03   0.41299E-03
   0.66207E-04   0.60007E-03   0.40728E-03   0.10720E-05   0.23239E-03
   0.11857E-03   0.16656E-03   0.30343E-06   0.60096E-03
 177.00 0.0001   0.11549E-04   0.15149E-02   0.53685E-03   0.74337E-02
   0.25372E-02   0.34884E-02   0.62762E-04   0.74255E-04   0.30662E-03
   0.13656E-04   0.49639E-03   0.36771E-03   0.33957E-04   0.10698E-03
   0.15884E-03   0.48483E-03   0.31523E-03   0.87961E-06   0.28051E-03
   0.34461E-03   0.93111E-04   0.34798E-05   0.43030E-03
 180.00 0.0001   0.89122E-04   0.15562E-02   0.40624E-03   0.60534E-02
   0.24116E-02   0.24588E-02   0.93603E-04   0.27100E-04   0.25393E-03
   0.24905E-04   0.58029E-03   0.10489E-02   0.42203E-05   0.57177E-04
   0.17530E-03   0.32914E-03   0.28354E-03   0.41020E-05   0.26946E-03
   0.74081E-03   0.33879E-04   0.91117E-05   0.28091E-03
 183.00 0.0001   0.18062E-03   0.11855E-02   0.20721E-03   0.35312E-02
   0.27692E-02   0.19284E-02   0.12337E-03   0.18115E-04   0.27942E-03
   0.57187E-04   0.92615E-03   0.16966E-02   0.18039E-04   0.17090E-03
   0.10742E-03   0.18223E-03   0.27413E-03   0.37779E-04   0.23213E-03
   0.10521E-02   0.14368E-04   0.12327E-04   0.23340E-03
 186.00 0.0001   0.26150E-03   0.87259E-03   0.36801E-04   0.17015E-02
   0.34255E-02   0.20307E-02   0.11504E-03   0.21946E-04   0.32025E-03
   0.10971E-03   0.15503E-02   0.19981E-02   0.61870E-05   0.37778E-03
   0.68001E-04   0.10042E-03   0.18310E-03   0.83089E-04   0.21310E-03
   0.10433E-02   0.24551E-05   0.41336E-05   0.24090E-03
 189.00 0.0001   0.43662E-03   0.69669E-03   0.30685E-05   0.11490E-02
   0.35400E-02   0.22533E-02   0.10265E-03   0.25458E-04   0.36199E-03
   0.14243E-03   0.21085E-02   0.19363E-02   0.10018E-03   0.55934E-03
   0.63989E-04   0.83387E-04   0.17341E-03   0.71707E-04   0.16039E-03
   0.75119E-03   0.28154E-04   0.81842E-06   0.27434E-03
 192.00 0.0001   0.60901E-03   0.63195E-03   0.18857E-04   0.91570E-03
   0.29596E-02   0.22027E-02   0.87194E-04   0.74993E-05   0.30953E-03
   0.14293E-03   0.22246E-02   0.18290E-02   0.54394E-03   0.53420E-03
   0.41130E-04   0.16243E-03   0.29353E-03   0.81541E-04   0.42915E-04
   0.41823E-03   0.80293E-04   0.94191E-06   0.24506E-03
 195.00 0.0001   0.61479E-03   0.71904E-03   0.99692E-04   0.75554E-03
   0.24548E-02   0.19606E-02   0.72152E-04   0.11044E-04   0.18211E-03
   0.17482E-03   0.18532E-02   0.18703E-02   0.12325E-02   0.40873E-03
   0.13930E-04   0.39010E-03   0.30773E-03   0.95161E-04   0.89687E-05
   0.18170E-03   0.10962E-03   0.10051E-04   0.13501E-03
 198.00 0.0001   0.55849E-03   0.84783E-03   0.42616E-03   0.61105E-03
   0.23192E-02   0.17061E-02   0.52809E-04   0.52242E-04   0.35177E-04
   0.28508E-03   0.12863E-02   0.19518E-02   0.17681E-02   0.35546E-03
   0.61443E-05   0.64967E-03   0.23020E-03   0.83672E-04   0.13664E-03
   0.43050E-04   0.12914E-03   0.38406E-04   0.67031E-04
 201.00 0.0001   0.57813E-03   0.99991E-03   0.11708E-02   0.56813E-03
   0.23592E-02   0.15635E-02   0.20476E-04   0.82957E-04   0.37756E-04
   0.34162E-03   0.81005E-03   0.18619E-02   0.18463E-02   0.38955E-03
   0.34956E-04   0.73088E-03   0.25601E-03   0.10180E-03   0.48794E-03
   0.38898E-05   0.17384E-03   0.75735E-04   0.66343E-04
 204.00 0.0001   0.58317E-03   0.13352E-02   0.21924E-02   0.65493E-03
   0.22380E-02   0.16321E-02   0.10743E-04   0.72137E-04   0.16017E-03
   0.26376E-03   0.50533E-03   0.15543E-02   0.15868E-02   0.45458E-03
   0.11254E-03   0.60236E-03   0.32834E-03   0.11290E-03   0.96556E-03
   0.13217E-04   0.21601E-03   0.12244E-03   0.59705E-04
 207.00 0.0001   0.54803E-03   0.20557E-02   0.30330E-02   0.86107E-03
   0.17411E-02   0.15152E-02   0.14080E-04   0.38266E-04   0.21700E-03
   0.15918E-03   0.47168E-03   0.11370E-02   0.11398E-02   0.41670E-03
   0.24896E-03   0.38675E-03   0.27181E-03   0.83666E-04   0.12802E-02
   0.43359E-04   0.20367E-03   0.18109E-03   0.43021E-04
 210.00 0.0001   0.52675E-03   0.29898E-02   0.37499E-02   0.10531E-02
   0.10139E-02   0.11384E-02   0.31120E-04   0.14091E-04   0.21795E-03
   0.12674E-03   0.53354E-03   0.90816E-03   0.80923E-03   0.25144E-03
   0.40955E-03   0.24415E-03   0.11101E-03   0.28775E-04   0.12956E-02
   0.59696E-04   0.14780E-03   0.29560E-03   0.84277E-04
 213.00 0.0001   0.45009E-03   0.37126E-02   0.41802E-02   0.11152E-02
   0.51410E-03   0.68675E-03   0.61947E-04   0.91562E-05   0.21779E-03
   0.13276E-03   0.57557E-03   0.86382E-03   0.73612E-03   0.12207E-03
   0.51946E-03   0.12515E-03   0.13613E-04   0.31406E-05   0.94986E-03
   0.87640E-04   0.91330E-04   0.47168E-03   0.16451E-03
 216.00 0.0001   0.28002E-03   0.44517E-02   0.37030E-02   0.10607E-02
   0.51456E-03   0.30886E-03   0.98795E-04   0.21616E-04   0.17406E-03
   0.17783E-03   0.54913E-03   0.79803E-03   0.78429E-03   0.98948E-04
   0.50287E-03   0.26337E-04   0.64420E-05   0.13859E-04   0.50884E-03
   0.20005E-03   0.26813E-04   0.58883E-03   0.20364E-03
 219.00 0.0001   0.12500E-03   0.48503E-02   0.27187E-02   0.88894E-03
   0.92119E-03   0.33904E-04   0.11274E-03   0.52253E-04   0.94640E-04
   0.22664E-03   0.53807E-03   0.81019E-03   0.88778E-03   0.18445E-03
   0.41336E-03   0.69442E-05   0.78299E-04   0.13833E-04   0.25897E-03
   0.37406E-03   0.21112E-04   0.61704E-03   0.19979E-03
 222.00 0.0001   0.66580E-04   0.42986E-02   0.20261E-02   0.74905E-03
   0.13764E-02   0.50244E-04   0.91583E-04   0.98549E-04   0.44581E-04
   0.24687E-03   0.52826E-03   0.93916E-03   0.84986E-03   0.46876E-03
   0.27359E-03   0.71231E-04   0.32773E-03   0.36826E-04   0.24668E-03
   0.56080E-03   0.37680E-04   0.65122E-03   0.16147E-03
 225.00 0.0001   0.64628E-04   0.30354E-02   0.18912E-02   0.67104E-03
   0.16970E-02   0.24745E-03   0.55424E-04   0.16995E-03   0.29581E-04
   0.27474E-03   0.47887E-03   0.99581E-03   0.74195E-03   0.95400E-03
   0.10986E-03   0.16252E-03   0.81654E-03   0.11514E-03   0.25866E-03
   0.77358E-03   0.20515E-04   0.61200E-03   0.11338E-03
 228.00 0.0001   0.13717E-03   0.23628E-02   0.18553E-02   0.69593E-03
   0.18062E-02   0.39039E-03   0.28240E-04   0.32143E-03   0.22900E-04
   0.31359E-03   0.45413E-03   0.90783E-03   0.74777E-03   0.12696E-02
   0.23564E-04   0.35982E-03   0.15155E-02   0.19571E-03   0.19980E-03
   0.89199E-03   0.19143E-04   0.36807E-03   0.91103E-04
 231.00 0.0001   0.26104E-03   0.22329E-02   0.16655E-02   0.75105E-03
   0.16903E-02   0.49507E-03   0.87722E-05   0.54607E-03   0.28832E-04
   0.34467E-03   0.50705E-03   0.69274E-03   0.10182E-02   0.11154E-02
   0.54090E-04   0.70699E-03   0.22629E-02   0.25445E-03   0.12495E-03
   0.73937E-03   0.57957E-04   0.20680E-03   0.88805E-04
 234.00 0.0001   0.34672E-03   0.21205E-02   0.13636E-02   0.67447E-03
   0.13030E-02   0.51911E-03   0.18776E-04   0.64082E-03   0.50150E-04
   0.32934E-03   0.69676E-03   0.55806E-03   0.14867E-02   0.83765E-03
   0.83463E-04   0.10789E-02   0.26897E-02   0.27329E-03   0.10667E-03
   0.50878E-03   0.59704E-04   0.26168E-03   0.10281E-03
 237.00 0.0001   0.36670E-03   0.18943E-02   0.10421E-02   0.54187E-03
   0.84548E-03   0.42849E-03   0.28887E-04   0.51881E-03   0.10382E-03
   0.29089E-03   0.10059E-02   0.54634E-03   0.19677E-02   0.79459E-03
   0.56607E-04   0.13111E-02   0.26711E-02   0.21457E-03   0.11034E-03
   0.40830E-03   0.30609E-04   0.32173E-03   0.14343E-03
 240.00 0.0001   0.35668E-03   0.17435E-02   0.86474E-03   0.40769E-03
   0.47838E-03   0.26126E-03   0.34861E-04   0.26219E-03   0.22058E-03
   0.31795E-03   0.12324E-02   0.52070E-03   0.23571E-02   0.89633E-03
   0.46953E-04   0.13481E-02   0.22964E-02   0.13006E-03   0.79989E-04
   0.37896E-03   0.25321E-04   0.28621E-03   0.23614E-03
 243.00 0.0001   0.39036E-03   0.15579E-02   0.97222E-03   0.32169E-03
   0.24120E-03   0.12414E-03   0.46277E-04   0.52702E-04   0.38377E-03
   0.43688E-03   0.12060E-02   0.46488E-03   0.23850E-02   0.86813E-03
   0.10885E-03   0.13591E-02   0.19640E-02   0.72193E-04   0.48357E-04
   0.38169E-03   0.31882E-04   0.22474E-03   0.41401E-03
 246.00 0.0001   0.41105E-03   0.13309E-02   0.13222E-02   0.30394E-03
   0.12898E-03   0.68085E-04   0.46450E-04   0.13046E-04   0.54563E-03
   0.62690E-03   0.11170E-02   0.43213E-03   0.18942E-02   0.78480E-03
   0.20464E-03   0.15585E-02   0.17132E-02   0.65727E-04   0.66928E-04
   0.36021E-03   0.46491E-04   0.22072E-03   0.68215E-03
 249.00 0.0001   0.45444E-03   0.10467E-02   0.17278E-02   0.27672E-03
   0.14268E-03   0.74449E-04   0.52277E-04   0.41895E-04   0.62820E-03
   0.70396E-03   0.11365E-02   0.45404E-03   0.12448E-02   0.79134E-03
   0.26687E-03   0.16496E-02   0.13982E-02   0.10876E-03   0.14627E-03
   0.28591E-03   0.59597E-04   0.31071E-03   0.95483E-03
 252.00 0.0001   0.52524E-03   0.77784E-03   0.19402E-02   0.32436E-03
   0.33912E-03   0.11829E-03   0.58684E-04   0.67583E-04   0.62452E-03
   0.61144E-03   0.10651E-02   0.45013E-03   0.81355E-03   0.80335E-03
   0.25161E-03   0.13866E-02   0.11174E-02   0.11463E-03   0.20259E-03
   0.23826E-03   0.51120E-04   0.45750E-03   0.10084E-02
 255.00 0.0001   0.50647E-03   0.57908E-03   0.16388E-02   0.52680E-03
   0.82608E-03   0.17702E-03   0.52790E-04   0.62367E-04   0.57910E-03
   0.45957E-03   0.78264E-03   0.39757E-03   0.62450E-03   0.67410E-03
   0.21865E-03   0.97979E-03   0.79645E-03   0.62439E-04   0.27992E-03
   0.21307E-03   0.49173E-04   0.61439E-03   0.79304E-03
 258.00 0.0001   0.38647E-03   0.61363E-03   0.11303E-02   0.75302E-03
   0.14447E-02   0.28929E-03   0.34903E-04   0.39150E-04   0.50950E-03
   0.31233E-03   0.48277E-03   0.38059E-03   0.52862E-03   0.44989E-03
   0.22893E-03   0.77030E-03   0.55468E-03   0.10916E-04   0.42251E-03
   0.17600E-03   0.65336E-04   0.73349E-03   0.50292E-03
 261.00 0.0001   0.25142E-03   0.70052E-03   0.82151E-03   0.84174E-03
   0.19114E-02   0.55325E-03   0.22820E-04   0.19502E-04   0.43706E-03
   0.17214E-03   0.35721E-03   0.37366E-03   0.58565E-03   0.26702E-03
   0.24217E-03   0.70627E-03   0.50980E-03   0.10398E-04   0.53736E-03
   0.91204E-04   0.12617E-03   0.68494E-03   0.26709E-03
 264.00 0.0001   0.19474E-03   0.49764E-03   0.73030E-03   0.89203E-03
   0.22253E-02   0.11218E-02   0.14454E-04   0.58820E-05   0.33105E-03
   0.70394E-04   0.25912E-03   0.38350E-03   0.72882E-03   0.21409E-03
   0.25692E-03   0.66483E-03   0.62660E-03   0.49485E-04   0.44074E-03
   0.27786E-04   0.19549E-03   0.55227E-03   0.10910E-03
 267.00 0.0001   0.18725E-03   0.24742E-03   0.82798E-03   0.11435E-02
   0.22795E-02   0.18957E-02   0.51274E-05   0.23290E-05   0.17245E-03
   0.25136E-04   0.12176E-03   0.47765E-03   0.84455E-03   0.35003E-03
   0.23597E-03   0.64215E-03   0.81404E-03   0.12319E-03   0.23425E-03
   0.39701E-05   0.24737E-03   0.43965E-03   0.19744E-04
 270.00 0.0001   0.13213E-03   0.28527E-03   0.84623E-03   0.13929E-02
   0.19836E-02   0.23242E-02   0.79628E-06   0.10651E-04   0.42218E-04
   0.10340E-04   0.16178E-04   0.75470E-03   0.91068E-03   0.61170E-03
   0.17908E-03   0.68312E-03   0.10475E-02   0.25639E-03   0.10086E-03
   0.81692E-06   0.24271E-03   0.37171E-03   0.68641E-05
 273.00 0.0001   0.90182E-04   0.40456E-03   0.87728E-03   0.13097E-02
   0.14243E-02   0.20026E-02   0.51736E-06   0.33616E-04   0.27765E-05
   0.96657E-05   0.15940E-04   0.11774E-02   0.94721E-03   0.89297E-03
   0.11653E-03   0.82221E-03   0.12185E-02   0.37596E-03   0.54288E-04
   0.14623E-04   0.19997E-03   0.34893E-03   0.49255E-04
 276.00 0.0001   0.10468E-03   0.32102E-03   0.10550E-02   0.10022E-02
   0.88746E-03   0.12541E-02   0.41021E-05   0.59243E-04   0.31575E-04
   0.24443E-04   0.16034E-03   0.15885E-02   0.94817E-03   0.89802E-03
   0.90381E-04   0.10202E-02   0.12596E-02   0.44443E-03   0.42043E-04
   0.86971E-04   0.17090E-03   0.33863E-03   0.10060E-03
 279.00 0.0001   0.12609E-03   0.21414E-03   0.11155E-02   0.84426E-03
   0.41587E-03   0.74787E-03   0.11706E-04   0.69772E-04   0.69331E-04
   0.26685E-04   0.46377E-03   0.17839E-02   0.80292E-03   0.79545E-03
   0.93301E-04   0.11511E-02   0.11953E-02   0.41928E-03   0.47673E-04
   0.16380E-03   0.14492E-03   0.20130E-03   0.11068E-03
 282.00 0.0001   0.15562E-03   0.21679E-03   0.10047E-02   0.10374E-02
   0.11869E-03   0.55508E-03   0.13011E-04   0.64194E-04   0.80194E-04
   0.12543E-04   0.97284E-03   0.15878E-02   0.56043E-03   0.97787E-03
   0.11637E-03   0.10682E-02   0.86635E-03   0.35873E-03   0.57985E-04
   0.17078E-03   0.13830E-03   0.12372E-03   0.11977E-03
 285.00 0.0001   0.19710E-03   0.25940E-03   0.90918E-03   0.12424E-02
   0.22729E-04   0.47007E-03   0.90194E-05   0.62754E-04   0.60174E-04
   0.33930E-06   0.17206E-02   0.11074E-02   0.36446E-03   0.13023E-02
   0.13970E-03   0.83286E-03   0.31509E-03   0.28997E-03   0.51575E-04
   0.13463E-03   0.12650E-03   0.16751E-03   0.14756E-03
 288.00 0.0001   0.21055E-03   0.31304E-03   0.88179E-03   0.13727E-02
   0.18655E-04   0.50630E-03   0.54171E-05   0.85948E-04   0.24920E-04
   0.41518E-05   0.22848E-02   0.64325E-03   0.25619E-03   0.13718E-02
   0.14735E-03   0.56062E-03   0.34532E-04   0.22776E-03   0.41419E-04
   0.94498E-04   0.10202E-03   0.25553E-03   0.17531E-03
 291.00 0.0001   0.21534E-03   0.38099E-03   0.98970E-03   0.14731E-02
   0.88043E-04   0.62641E-03   0.13594E-05   0.14532E-03   0.18462E-05
   0.34126E-04   0.24967E-02   0.38254E-03   0.20734E-03   0.11736E-02
   0.12873E-03   0.26114E-03   0.17852E-03   0.15394E-03   0.27574E-04
   0.82529E-04   0.10907E-03   0.34573E-03   0.28204E-03
 294.00 0.0001   0.20849E-03   0.44337E-03   0.11403E-02   0.14369E-02
   0.21860E-03   0.66999E-03   0.16666E-05   0.20528E-03   0.15103E-04
   0.16068E-03   0.26025E-02   0.28360E-03   0.23935E-03   0.10136E-02
   0.92082E-04   0.47385E-04   0.40232E-03   0.13145E-03   0.12867E-04
   0.42603E-04   0.13611E-03   0.36912E-03   0.52807E-03
 297.00 0.0001   0.13679E-03   0.44062E-03   0.12045E-02   0.12589E-02
   0.33101E-03   0.69017E-03   0.17344E-05   0.22984E-03   0.55270E-04
   0.36935E-03   0.24304E-02   0.23522E-03   0.34453E-03   0.95791E-03
   0.78412E-04   0.39495E-05   0.52377E-03   0.14822E-03   0.49526E-05
   0.12993E-04   0.19054E-03   0.33602E-03   0.76727E-03
 300.00 0.0001   0.49790E-04   0.35066E-03   0.12309E-02   0.10954E-02
   0.42753E-03   0.83184E-03   0.29900E-05   0.21665E-03   0.83568E-04
   0.50220E-03   0.18938E-02   0.19560E-03   0.48867E-03   0.98062E-03
   0.84480E-04   0.19824E-04   0.54536E-03   0.14309E-03   0.24903E-05
   0.11242E-04   0.23000E-03   0.30118E-03   0.87056E-03
 303.00 0.0001   0.12662E-04   0.22950E-03   0.12903E-02   0.94144E-03
   0.55864E-03   0.10244E-02   0.32510E-04   0.17187E-03   0.77732E-04
   0.51339E-03   0.12880E-02   0.18692E-03   0.56562E-03   0.96795E-03
   0.88293E-04   0.46795E-04   0.47974E-03   0.98430E-04   0.85120E-05
   0.28631E-04   0.19950E-03   0.28171E-03   0.81329E-03
 306.00 0.0001   0.88693E-05   0.14109E-03   0.13187E-02   0.83188E-03
   0.78283E-03   0.10188E-02   0.10103E-03   0.12692E-03   0.34284E-04
   0.47862E-03   0.87961E-03   0.20489E-03   0.49966E-03   0.80943E-03
   0.11448E-03   0.12799E-03   0.36467E-03   0.88867E-04   0.21191E-04
   0.97584E-04   0.15690E-03   0.30230E-03   0.73526E-03
 309.00 0.0001   0.16570E-04   0.10982E-03   0.12949E-02   0.93818E-03
   0.11451E-02   0.86971E-03   0.20356E-03   0.82936E-04   0.64177E-05
   0.34601E-03   0.70385E-03   0.21268E-03   0.37294E-03   0.57617E-03
   0.16939E-03   0.20751E-03   0.33217E-03   0.10225E-03   0.47787E-04
   0.15413E-03   0.19040E-03   0.35450E-03   0.63358E-03
 312.00 0.0001   0.38870E-04   0.12467E-03   0.13119E-02   0.12372E-02
   0.13589E-02   0.87858E-03   0.27518E-03   0.48502E-04   0.17756E-04
   0.19668E-03   0.65596E-03   0.19053E-03   0.30493E-03   0.49851E-03
   0.26410E-03   0.28459E-03   0.38767E-03   0.10087E-03   0.67602E-04
   0.15303E-03   0.22159E-03   0.38180E-03   0.49010E-03
 315.00 0.0001   0.53183E-04   0.16628E-03   0.13638E-02   0.14886E-02
   0.11298E-02   0.98371E-03   0.25782E-03   0.34106E-04   0.29136E-04
   0.11365E-03   0.67177E-03   0.19879E-03   0.26134E-03   0.57856E-03
   0.37818E-03   0.35168E-03   0.40178E-03   0.71076E-04   0.37233E-04
   0.10925E-03   0.17719E-03   0.34599E-03   0.36129E-03
 318.00 0.0001   0.55878E-04   0.25538E-03   0.13552E-02   0.15982E-02
   0.64201E-03   0.96916E-03   0.18039E-03   0.26003E-04   0.31900E-04
   0.80425E-04   0.67801E-03   0.25298E-03   0.16800E-03   0.67699E-03
   0.41466E-03   0.35963E-03   0.36605E-03   0.42027E-04   0.50853E-05
   0.46208E-04   0.59460E-04   0.26917E-03   0.29340E-03
 321.00 0.0001   0.59662E-04   0.38851E-03   0.13658E-02   0.15516E-02
   0.41468E-03   0.79623E-03   0.10663E-03   0.18683E-04   0.25477E-04
   0.91583E-04   0.68486E-03   0.34334E-03   0.78659E-04   0.66840E-03
   0.32140E-03   0.31413E-03   0.36492E-03   0.43717E-04   0.64698E-05
   0.60850E-05   0.10213E-04   0.21236E-03   0.31155E-03
 324.00 0.0001   0.60482E-04   0.57154E-03   0.14716E-02   0.14680E-02
   0.63048E-03   0.52342E-03   0.71467E-04   0.13419E-04   0.11895E-04
   0.15213E-03   0.73549E-03   0.53852E-03   0.38505E-04   0.47667E-03
   0.19868E-03   0.26173E-03   0.39607E-03   0.89706E-04   0.36197E-04
   0.10612E-05   0.60039E-04   0.14969E-03   0.39343E-03
 327.00 0.0001   0.60312E-04   0.87682E-03   0.14597E-02   0.14203E-02
   0.79891E-03   0.31278E-03   0.58839E-04   0.11322E-04   0.11326E-04
   0.21830E-03   0.81474E-03   0.11041E-02   0.20307E-04   0.21117E-03
   0.11799E-03   0.24912E-03   0.41169E-03   0.12372E-03   0.57619E-04
   0.23689E-04   0.12948E-03   0.91129E-04   0.50031E-03
 330.00 0.0001   0.50740E-04   0.11385E-02   0.11733E-02   0.12292E-02
   0.77456E-03   0.18669E-03   0.54006E-04   0.12681E-04   0.30300E-04
   0.24531E-03   0.85151E-03   0.19464E-02   0.15930E-04   0.43904E-04
   0.74072E-04   0.27011E-03   0.43112E-03   0.93275E-04   0.68163E-04
   0.11693E-03   0.17823E-03   0.60670E-04   0.56564E-03
 333.00 0.0001   0.37498E-04   0.11395E-02   0.80930E-03   0.80255E-03
   0.72979E-03   0.13823E-03   0.40926E-04   0.22597E-04   0.39127E-04
   0.23929E-03   0.76876E-03   0.26682E-02   0.36568E-05   0.55364E-04
   0.49367E-04   0.27497E-03   0.46866E-03   0.64532E-04   0.59389E-04
   0.28801E-03   0.16977E-03   0.61541E-04   0.55165E-03
 336.00 0.0001   0.26098E-04   0.94495E-03   0.51269E-03   0.32312E-03
   0.69974E-03   0.34189E-03   0.21540E-04   0.43977E-04   0.25503E-04
   0.18124E-03   0.58552E-03   0.28530E-02   0.21595E-04   0.16618E-03
   0.27377E-04   0.26527E-03   0.53017E-03   0.51507E-04   0.37189E-04
   0.35677E-03   0.17179E-03   0.73198E-04   0.51685E-03
 339.00 0.0001   0.19640E-04   0.77653E-03   0.27583E-03   0.32641E-04
   0.58214E-03   0.71462E-03   0.93657E-05   0.63660E-04   0.12090E-04
   0.12710E-03   0.30420E-03   0.24256E-02   0.12768E-03   0.30424E-03
   0.23350E-04   0.29970E-03   0.66587E-03   0.39542E-04   0.13949E-04
   0.23841E-03   0.18385E-03   0.65309E-04   0.53638E-03
 342.00 0.0001   0.31374E-04   0.64355E-03   0.14116E-03   0.21920E-04
   0.45720E-03   0.92925E-03   0.11397E-04   0.78888E-04   0.71893E-05
   0.13961E-03   0.13497E-03   0.20135E-02   0.30373E-03   0.35582E-03
   0.18140E-04   0.40710E-03   0.83573E-03   0.48102E-04   0.35045E-05
   0.11806E-03   0.18052E-03   0.66073E-04   0.58643E-03
 345.00 0.0001   0.70046E-04   0.53202E-03   0.94044E-04   0.59743E-04
   0.45007E-03   0.96806E-03   0.21555E-04   0.79226E-04   0.10362E-04
   0.20956E-03   0.10997E-03   0.17464E-02   0.53002E-03   0.27231E-03
   0.69367E-05   0.62337E-03   0.89486E-03   0.32299E-04   0.29212E-04
   0.89336E-04   0.13250E-03   0.48894E-04   0.59147E-03
 348.00 0.0001   0.12124E-03   0.47023E-03   0.70578E-04   0.11146E-03
   0.55103E-03   0.94712E-03   0.17302E-04   0.68935E-04   0.20430E-04
   0.19756E-03   0.96309E-04   0.13402E-02   0.79638E-03   0.17480E-03
   0.10481E-04   0.95454E-03   0.78522E-03   0.16077E-04   0.80143E-04
   0.73234E-04   0.96368E-04   0.20712E-04   0.55560E-03
 351.00 0.0001   0.13350E-03   0.37991E-03   0.39581E-04   0.16110E-03
   0.70075E-03   0.91229E-03   0.83563E-05   0.85227E-04   0.35432E-04
   0.98840E-04   0.58753E-04   0.91620E-03   0.10775E-02   0.11649E-03
   0.33816E-04   0.13041E-02   0.55423E-03   0.10522E-04   0.11757E-03
   0.62026E-04   0.10653E-03   0.89304E-05   0.50970E-03
 354.00 0.0001   0.10369E-03   0.25351E-03   0.12499E-04   0.12793E-03
   0.79241E-03   0.87314E-03   0.90325E-05   0.12571E-03   0.49391E-04
   0.23268E-04   0.16059E-04   0.66906E-03   0.12442E-02   0.77556E-04
   0.69542E-04   0.15912E-02   0.30725E-03   0.82986E-05   0.12748E-03
   0.49725E-04   0.13654E-03   0.48924E-05   0.42917E-03
 357.00 0.0001   0.90453E-04   0.19649E-03   0.22898E-05   0.78882E-04
   0.79802E-03   0.80765E-03   0.10467E-04   0.11650E-03   0.57082E-04
   0.15456E-04   0.84831E-05   0.54697E-03   0.11768E-02   0.32559E-04
   0.10593E-03   0.18088E-02   0.15286E-03   0.23039E-04   0.13488E-03
   0.37977E-04   0.13534E-03   0.99959E-05   0.28942E-03
 360.00 0.0001   0.73643E-04   0.22380E-03   0.29604E-04   0.80629E-04
   0.75259E-03   0.72300E-03   0.63166E-05   0.90775E-04   0.38334E-04
   0.58117E-04   0.88278E-04   0.46576E-03   0.98625E-03   0.27921E-05
   0.14845E-03   0.18082E-02   0.65702E-04   0.43012E-04   0.19122E-03
   0.36731E-04   0.96802E-04   0.33595E-04   0.13944E-03
 363.00 0.0001   0.52619E-04   0.26458E-03   0.12065E-03   0.62375E-04
   0.63296E-03   0.60120E-03   0.33227E-05   0.80216E-04   0.84507E-05
   0.12757E-03   0.19609E-03   0.42703E-03   0.74593E-03   0.12503E-05
   0.20880E-03   0.15401E-02   0.45556E-04   0.55798E-04   0.29762E-03
   0.38748E-04   0.57068E-04   0.70082E-04   0.51001E-04
 366.00 0.0001   0.57401E-04   0.26925E-03   0.25638E-03   0.45767E-04
   0.52296E-03   0.48597E-03   0.61040E-05   0.56690E-04   0.35510E-05
   0.19431E-03   0.29039E-03   0.41419E-03   0.59705E-03   0.33192E-05
   0.25096E-03   0.11380E-02   0.75262E-04   0.71132E-04   0.35994E-03
   0.32917E-04   0.34366E-04   0.12144E-03   0.23256E-04
 369.00 0.0001   0.62292E-04   0.30490E-03   0.40062E-03   0.67603E-04
   0.41707E-03   0.39948E-03   0.23349E-04   0.39948E-04   0.31234E-04
   0.19837E-03   0.42705E-03   0.41855E-03   0.60364E-03   0.22468E-05
   0.19590E-03   0.68521E-03   0.91771E-04   0.88473E-04   0.34711E-03
   0.16296E-04   0.34314E-04   0.20814E-03   0.11416E-04
 372.00 0.0001   0.71355E-04   0.40710E-03   0.56914E-03   0.95386E-04
   0.27677E-03   0.30801E-03   0.39386E-04   0.35529E-04   0.68749E-04
   0.20007E-03   0.50908E-03   0.40700E-03   0.54989E-03   0.24969E-05
   0.71941E-04   0.39248E-03   0.91424E-04   0.90686E-04   0.26130E-03
   0.80378E-05   0.49577E-04   0.33860E-03   0.47070E-05
 375.00 0.0001   0.79887E-04   0.52088E-03   0.76591E-03   0.10472E-03
   0.15361E-03   0.23210E-03   0.57225E-04   0.26634E-04   0.90054E-04
   0.18368E-03   0.47871E-03   0.35864E-03   0.44220E-03   0.19161E-04
   0.27775E-04   0.26547E-03   0.77179E-04   0.68971E-04   0.13153E-03
   0.12743E-04   0.68723E-04   0.50066E-03   0.56026E-05
 378.00 0.0001   0.98122E-04   0.59098E-03   0.86897E-03   0.10461E-03
   0.62608E-04   0.16690E-03   0.71333E-04   0.24914E-04   0.10825E-03
   0.14556E-03   0.44549E-03   0.30273E-03   0.40741E-03   0.56776E-04
   0.55410E-04   0.16673E-03   0.77626E-04   0.43891E-04   0.47966E-04
   0.17342E-04   0.90290E-04   0.71219E-03   0.36756E-05
 381.00 0.0001   0.12210E-03   0.71201E-03   0.93144E-03   0.11586E-03
   0.61913E-04   0.12867E-03   0.71642E-04   0.29087E-04   0.11268E-03
   0.13354E-03   0.44511E-03   0.26564E-03   0.42595E-03   0.89128E-04
   0.11460E-03   0.11573E-03   0.12143E-03   0.23003E-04   0.31821E-04
   0.15101E-04   0.11447E-03   0.84514E-03   0.47866E-05
 384.00 0.0001   0.10914E-03   0.84134E-03   0.10688E-02   0.14568E-03
   0.21252E-03   0.11304E-03   0.53568E-04   0.18481E-04   0.89822E-04
   0.13034E-03   0.44719E-03   0.18668E-03   0.49338E-03   0.13293E-03
   0.14274E-03   0.11407E-03   0.17621E-03   0.10737E-04   0.53266E-04
   0.68319E-05   0.13852E-03   0.79646E-03   0.14664E-04
 387.00 0.0001   0.68199E-04   0.76312E-03   0.12363E-02   0.17669E-03
   0.36511E-03   0.10245E-03   0.29616E-04   0.63625E-05   0.62979E-04
   0.14298E-03   0.44639E-03   0.11450E-03   0.59287E-03   0.20009E-03
   0.13165E-03   0.12588E-03   0.22370E-03   0.31967E-05   0.88141E-04
   0.10518E-06   0.14120E-03   0.76696E-03   0.27022E-04
 390.00 0.0001   0.41581E-04   0.55428E-03   0.12314E-02   0.23616E-03
   0.41302E-03   0.11710E-03   0.29910E-04   0.24194E-05   0.43556E-04
   0.14606E-03   0.42523E-03   0.91183E-04   0.71091E-03   0.22869E-03
   0.12510E-03   0.13863E-03   0.25786E-03   0.23940E-05   0.86731E-04
   0.14821E-04   0.12343E-03   0.82216E-03   0.31725E-04
 393.00 0.0001   0.28481E-04   0.54998E-03   0.95193E-03   0.33703E-03
   0.35043E-03   0.15441E-03   0.48388E-04   0.20641E-05   0.29598E-04
   0.14156E-03   0.39283E-03   0.46108E-04   0.78082E-03   0.16099E-03
   0.11074E-03   0.14795E-03   0.25685E-03   0.93786E-05   0.58087E-04
   0.65665E-04   0.91379E-04   0.77902E-03   0.32595E-04
 396.00 0.0001   0.21643E-04   0.58265E-03   0.60000E-03   0.49716E-03
   0.27673E-03   0.21016E-03   0.51741E-04   0.71498E-05   0.14686E-04
   0.13614E-03   0.37141E-03   0.52098E-05   0.74516E-03   0.86406E-04
   0.81780E-04   0.16541E-03   0.22687E-03   0.17090E-04   0.52462E-04
   0.12669E-03   0.59589E-04   0.61348E-03   0.48574E-04
 399.00 0.0001   0.15794E-04   0.46711E-03   0.33789E-03   0.76454E-03
   0.23636E-03   0.23049E-03   0.54758E-04   0.21955E-04   0.34907E-05
   0.12810E-03   0.36793E-03   0.28605E-05   0.65903E-03   0.93574E-04
   0.52725E-04   0.16493E-03   0.18207E-03   0.21317E-04   0.59767E-04
   0.13994E-03   0.30428E-04   0.45094E-03   0.82608E-04
 402.00 0.0001   0.16479E-04   0.35447E-03   0.23822E-03   0.91741E-03
   0.20626E-03   0.22376E-03   0.69816E-04   0.33321E-04   0.20915E-06
   0.11452E-03   0.44436E-03   0.24505E-04   0.58070E-03   0.14523E-03
   0.43362E-04   0.10917E-03   0.12339E-03   0.27087E-04   0.48641E-04
   0.12969E-03   0.15423E-04   0.32225E-03   0.11788E-03
 405.00 0.0001   0.25816E-04   0.29623E-03   0.27655E-03   0.93947E-03
   0.18737E-03   0.20170E-03   0.78988E-04   0.39833E-04   0.18812E-05
   0.91267E-04   0.65982E-03   0.38355E-04   0.53873E-03   0.18779E-03
   0.50488E-04   0.83859E-04   0.93139E-04   0.26773E-04   0.29958E-04
   0.10621E-03   0.85418E-05   0.28272E-03   0.15046E-03
 408.00 0.0001   0.39272E-04   0.27498E-03   0.35162E-03   0.82493E-03
   0.15413E-03   0.15776E-03   0.73564E-04   0.51253E-04   0.10314E-04
   0.67189E-04   0.92543E-03   0.31005E-04   0.50203E-03   0.18526E-03
   0.60598E-04   0.74728E-04   0.19376E-03   0.16599E-04   0.21195E-04
   0.75228E-04   0.49973E-05   0.30806E-03   0.23252E-03
 411.00 0.0001   0.52963E-04   0.28533E-03   0.45697E-03   0.63981E-03
   0.12582E-03   0.11340E-03   0.57876E-04   0.59434E-04   0.22397E-04
   0.41276E-04   0.11106E-02   0.21972E-04   0.44465E-03   0.18562E-03
   0.75893E-04   0.42631E-04   0.28205E-03   0.66536E-05   0.16586E-04
   0.54604E-04   0.48450E-05   0.31906E-03   0.39962E-03
 414.00 0.0001   0.64325E-04   0.34192E-03   0.58082E-03   0.53235E-03
   0.10270E-03   0.71575E-04   0.44296E-04   0.45926E-04   0.28492E-04
   0.28733E-04   0.11102E-02   0.22977E-04   0.35706E-03   0.21615E-03
   0.88561E-04   0.33512E-04   0.24584E-03   0.31290E-05   0.90129E-05
   0.39884E-04   0.39078E-05   0.29634E-03   0.62504E-03
 417.00 0.0001   0.51552E-04   0.45442E-03   0.66366E-03   0.45607E-03
   0.10523E-03   0.32577E-04   0.33863E-04   0.13367E-04   0.27872E-04
   0.32446E-04   0.97972E-03   0.25768E-04   0.24186E-03   0.28071E-03
   0.10058E-03   0.60157E-04   0.18777E-03   0.37416E-05   0.24047E-05
   0.41261E-04   0.78373E-05   0.25818E-03   0.82008E-03
 420.00 0.0001   0.18526E-04   0.58167E-03   0.68241E-03   0.32663E-03
   0.12354E-03   0.82655E-05   0.28448E-04   0.99497E-05   0.16669E-04
   0.44128E-04   0.82274E-03   0.32662E-04   0.10803E-03   0.35965E-03
   0.10035E-03   0.16329E-03   0.17021E-03   0.46915E-05   0.17754E-06
   0.46864E-04   0.10565E-04   0.22282E-03   0.91266E-03
 423.00 0.0001   0.73078E-06   0.62968E-03   0.69646E-03   0.20372E-03
   0.15049E-03   0.42318E-05   0.31689E-04   0.44081E-04   0.75217E-05
   0.55731E-04   0.64318E-03   0.49318E-04   0.20907E-04   0.40317E-03
   0.69762E-04   0.30014E-03   0.21599E-03   0.38787E-05   0.12166E-06
   0.41104E-04   0.27968E-05   0.20420E-03   0.80847E-03
 426.00 0.0001   0.22589E-05   0.66740E-03   0.75187E-03   0.14726E-03
   0.19917E-03   0.38576E-05   0.32295E-04   0.55106E-04   0.14915E-05
   0.58794E-04   0.49079E-03   0.68545E-04   0.29749E-05   0.39157E-03
   0.34504E-04   0.37337E-03   0.31701E-03   0.53245E-05   0.11099E-05
   0.25760E-04   0.41384E-05   0.20231E-03   0.64658E-03
 429.00 0.0001   0.20240E-05   0.68413E-03   0.78506E-03   0.16143E-03
   0.26122E-03   0.13430E-05   0.23192E-04   0.39514E-04   0.78773E-06
   0.50976E-04   0.45316E-03   0.75403E-04   0.11863E-04   0.36518E-03
   0.21405E-04   0.39473E-03   0.38190E-03   0.11132E-04   0.35152E-05
   0.15561E-04   0.40468E-04   0.20738E-03   0.56162E-03
 432.00 0.0001   0.78060E-06   0.61296E-03   0.75653E-03   0.22394E-03
   0.32434E-03   0.13943E-04   0.14486E-04   0.27268E-04   0.10995E-04
   0.64016E-04   0.41134E-03   0.77921E-04   0.41460E-04   0.34624E-03
   0.15088E-04   0.33892E-03   0.39616E-03   0.16771E-04   0.36465E-05
   0.18203E-04   0.95653E-04   0.20097E-03   0.42949E-03
 435.00 0.0001   0.16578E-06   0.45197E-03   0.66343E-03   0.22513E-03
   0.39869E-03   0.46886E-04   0.13494E-04   0.17779E-04   0.21944E-04
   0.60240E-04   0.30138E-03   0.78628E-04   0.10853E-03   0.33300E-03
   0.13950E-04   0.25424E-03   0.40028E-03   0.13138E-04   0.31938E-05
   0.26487E-04   0.13495E-03   0.17609E-03   0.28628E-03
 438.00 0.0001   0.66954E-06   0.26131E-03   0.49120E-03   0.17180E-03
   0.47210E-03   0.75140E-04   0.19081E-04   0.23877E-04   0.26732E-04
   0.43559E-04   0.17733E-03   0.73937E-04   0.18680E-03   0.31370E-03
   0.42513E-04   0.24511E-03   0.39895E-03   0.57619E-05   0.77599E-05
   0.31728E-04   0.14544E-03   0.13781E-03   0.22904E-03
 441.00 0.0001   0.17915E-05   0.14127E-03   0.28704E-03   0.14882E-03
   0.50173E-03   0.10335E-03   0.25949E-04   0.47287E-04   0.40318E-04
   0.46381E-04   0.12702E-03   0.75725E-04   0.24475E-03   0.26858E-03
   0.10120E-03   0.31391E-03   0.39886E-03   0.25348E-05   0.18060E-04
   0.28979E-04   0.12294E-03   0.10002E-03   0.21133E-03
 444.00 0.0001   0.46886E-05   0.11021E-03   0.14091E-03   0.17028E-03
   0.44100E-03   0.12945E-03   0.23699E-04   0.58813E-04   0.45096E-04
   0.51983E-04   0.13935E-03   0.90464E-04   0.25150E-03   0.23833E-03
   0.15106E-03   0.38881E-03   0.40599E-03   0.19188E-05   0.30105E-04
   0.23291E-04   0.10397E-03   0.44396E-04   0.20933E-03
 447.00 0.0001   0.89027E-05   0.14247E-03   0.79653E-04   0.22547E-03
   0.31988E-03   0.14496E-03   0.24726E-04   0.46833E-04   0.35613E-04
   0.58694E-04   0.12413E-03   0.11361E-03   0.22724E-03   0.23962E-03
   0.13843E-03   0.42988E-03   0.44580E-03   0.39784E-05   0.34285E-04
   0.15891E-04   0.12774E-03   0.52995E-05   0.25792E-03
 450.00 0.0001   0.10177E-04   0.20545E-03   0.89701E-04   0.29298E-03
   0.31685E-03   0.16373E-03   0.20243E-04   0.37630E-04   0.30387E-04
   0.73147E-04   0.80196E-04   0.16972E-03   0.21129E-03   0.25853E-03
   0.77370E-04   0.41334E-03   0.49813E-03   0.13403E-04   0.26110E-04
   0.44178E-05   0.19180E-03   0.40462E-05   0.31487E-03
 453.00 0.0001   0.60422E-05   0.25677E-03   0.16828E-03   0.39466E-03
   0.41614E-03   0.17515E-03   0.31594E-04   0.50192E-04   0.35499E-04
   0.85479E-04   0.51677E-04   0.25156E-03   0.20956E-03   0.24808E-03
   0.34430E-04   0.40688E-03   0.51752E-03   0.22176E-04   0.13532E-04
   0.50200E-06   0.21773E-03   0.24408E-04   0.31736E-03
 456.00 0.0001   0.31575E-05   0.26768E-03   0.27711E-03   0.47420E-03
   0.39374E-03   0.15519E-03   0.50832E-04   0.55157E-04   0.35538E-04
   0.91405E-04   0.55537E-04   0.37904E-03   0.20474E-03   0.18322E-03
   0.48286E-04   0.42158E-03   0.48499E-03   0.23031E-04   0.10677E-04
   0.27213E-05   0.18662E-03   0.10280E-03   0.26288E-03
 459.00 0.0001   0.28579E-05   0.22472E-03   0.28710E-03   0.42493E-03
   0.24800E-03   0.13141E-03   0.62438E-04   0.39964E-04   0.30867E-04
   0.86179E-04   0.71092E-04   0.54031E-03   0.19332E-03   0.10966E-03
   0.72633E-04   0.44742E-03   0.45480E-03   0.20603E-04   0.11248E-04
   0.11070E-04   0.14837E-03   0.19606E-03   0.23765E-03
 462.00 0.0001   0.32751E-05   0.15578E-03   0.21058E-03   0.28843E-03
   0.16129E-03   0.20318E-03   0.71100E-04   0.35341E-04   0.33010E-04
   0.81915E-04   0.66278E-04   0.64141E-03   0.16952E-03   0.50731E-04
   0.70235E-04   0.44927E-03   0.45781E-03   0.20424E-04   0.90346E-05
   0.28168E-04   0.10356E-03   0.23390E-03   0.24253E-03
 465.00 0.0001   0.62805E-05   0.11281E-03   0.20658E-03   0.19686E-03
   0.99398E-04   0.40975E-03   0.65807E-04   0.44899E-04   0.42359E-04
   0.82946E-04   0.49762E-04   0.60994E-03   0.14868E-03   0.20233E-04
   0.60775E-04   0.39987E-03   0.42266E-03   0.45149E-04   0.54697E-05
   0.39959E-04   0.66911E-04   0.23941E-03   0.20229E-03
 468.00 0.0001   0.13698E-04   0.10232E-03   0.25139E-03   0.13411E-03
   0.31124E-04   0.52757E-03   0.54684E-04   0.56095E-04   0.48379E-04
   0.69971E-04   0.59893E-04   0.55712E-03   0.16381E-03   0.39481E-04
   0.60206E-04   0.34606E-03   0.33903E-03   0.85962E-04   0.69707E-05
   0.53811E-04   0.49797E-04   0.25778E-03   0.16744E-03
 471.00 0.0001   0.20887E-04   0.84134E-04   0.26470E-03   0.18958E-03
   0.10770E-04   0.49037E-03   0.49370E-04   0.55126E-04   0.39981E-04
   0.42642E-04   0.10487E-03   0.63180E-03   0.18819E-03   0.91772E-04
   0.49941E-04   0.30471E-03   0.23919E-03   0.89329E-04   0.15199E-04
   0.63184E-04   0.46861E-04   0.27419E-03   0.16891E-03
 474.00 0.0001   0.25686E-04   0.68180E-04   0.25064E-03   0.42180E-03
   0.53693E-04   0.44230E-03   0.47919E-04   0.42110E-04   0.27945E-04
   0.23674E-04   0.16925E-03   0.64705E-03   0.21300E-03   0.13399E-03
   0.35935E-04   0.30824E-03   0.13610E-03   0.42002E-04   0.19227E-04
   0.51816E-04   0.48949E-04   0.27636E-03   0.16664E-03
 477.00 0.0001   0.34903E-04   0.53824E-04   0.24328E-03   0.50256E-03
   0.10705E-03   0.44468E-03   0.45774E-04   0.34098E-04   0.20512E-04
   0.28962E-04   0.24209E-03   0.52475E-03   0.24717E-03   0.15963E-03
   0.31515E-04   0.35817E-03   0.44212E-04   0.89959E-05   0.19078E-04
   0.34944E-04   0.43254E-04   0.29110E-03   0.12200E-03
 480.00 0.0001   0.52021E-04   0.37551E-04   0.25347E-03   0.56032E-03
   0.15009E-03   0.42858E-03   0.51774E-04   0.29304E-04   0.13080E-04
   0.40201E-04   0.32127E-03   0.34429E-03   0.29586E-03   0.19910E-03
   0.29914E-04   0.38136E-03   0.72007E-05   0.14047E-04   0.16438E-04
   0.25968E-04   0.33662E-04   0.29671E-03   0.61108E-04
 483.00 0.0001   0.62004E-04   0.26187E-04   0.25269E-03   0.54146E-03
   0.20836E-03   0.42683E-03   0.58316E-04   0.20506E-04   0.57727E-05
   0.38006E-04   0.34400E-03   0.23222E-03   0.34498E-03   0.24923E-03
   0.33036E-04   0.32616E-03   0.20565E-05   0.18255E-04   0.89232E-05
   0.17850E-04   0.30179E-04   0.28101E-03   0.43367E-04
 486.00 0.0001   0.48411E-04   0.17068E-04   0.22893E-03   0.37776E-03
   0.26313E-03   0.42925E-03   0.59088E-04   0.92246E-05   0.14422E-05
   0.28818E-04   0.25617E-03   0.17089E-03   0.37901E-03   0.27044E-03
   0.32901E-04   0.26808E-03   0.12165E-04   0.11232E-04   0.65369E-05
   0.11436E-04   0.33166E-04   0.26767E-03   0.62876E-04
 489.00 0.0001   0.37326E-04   0.12013E-04   0.21551E-03   0.20493E-03
   0.30110E-03   0.36567E-03   0.55612E-04   0.44573E-05   0.44638E-06
   0.28367E-04   0.19925E-03   0.11812E-03   0.38572E-03   0.23512E-03
   0.23248E-04   0.22499E-03   0.23497E-04   0.42965E-05   0.16624E-04
   0.60514E-05   0.43516E-04   0.27379E-03   0.11036E-03
 492.00 0.0001   0.41900E-04   0.95492E-05   0.21706E-03   0.12881E-03
   0.30044E-03   0.28307E-03   0.49313E-04   0.62753E-05   0.72785E-06
   0.35666E-04   0.20233E-03   0.81543E-04   0.31179E-03   0.19589E-03
   0.12144E-04   0.20168E-03   0.24451E-04   0.20140E-05   0.27063E-04
   0.14989E-05   0.63056E-04   0.28627E-03   0.16586E-03
 495.00 0.0001   0.58531E-04   0.11799E-04   0.20572E-03   0.12210E-03
   0.28228E-03   0.25277E-03   0.44487E-04   0.11515E-04   0.16502E-05
   0.49068E-04   0.18805E-03   0.74950E-04   0.24096E-03   0.19287E-03
   0.77430E-05   0.20347E-03   0.24342E-04   0.38998E-05   0.31830E-04
   0.36640E-06   0.81916E-04   0.29674E-03   0.15279E-03
 498.00 0.0001   0.46020E-04   0.19826E-04   0.18399E-03   0.12675E-03
   0.27394E-03   0.26108E-03   0.41938E-04   0.16662E-04   0.46545E-05
   0.69069E-04   0.16138E-03   0.97435E-04   0.23707E-03   0.16573E-03
   0.72246E-05   0.17968E-03   0.20610E-04   0.51733E-05   0.29878E-04
   0.35737E-05   0.88774E-04   0.28131E-03   0.11733E-03
 501.00 0.0001   0.23624E-04   0.28568E-04   0.15219E-03   0.11599E-03
   0.29254E-03   0.26058E-03   0.37131E-04   0.16142E-04   0.76907E-05
   0.10919E-03   0.13824E-03   0.12731E-03   0.20054E-03   0.11038E-03
   0.10420E-04   0.12487E-03   0.15405E-04   0.53676E-05   0.27108E-04
   0.11068E-04   0.81709E-04   0.24672E-03   0.76072E-04
 504.00 0.0001   0.12412E-04   0.27555E-04   0.10822E-03   0.95569E-04
   0.27653E-03   0.22975E-03   0.26774E-04   0.14986E-04   0.36178E-05
   0.13873E-03   0.14255E-03   0.13302E-03   0.16559E-03   0.71346E-04
   0.18729E-04   0.71754E-04   0.14603E-04   0.70955E-05   0.37336E-04
   0.14089E-04   0.64291E-04   0.23751E-03   0.48702E-04
 507.00 0.0001   0.37063E-05   0.15490E-04   0.80552E-04   0.84020E-04
   0.19804E-03   0.17854E-03   0.21203E-04   0.10079E-04   0.20978E-05
   0.12812E-03   0.18609E-03   0.96559E-04   0.13634E-03   0.64896E-04
   0.20220E-04   0.36565E-04   0.16940E-04   0.75885E-05   0.55724E-04
   0.95178E-05   0.39439E-04   0.28243E-03   0.34716E-04
 510.00 0.0001   0.61336E-06   0.13307E-04   0.96236E-04   0.90702E-04
   0.13437E-03   0.13092E-03   0.39111E-04   0.33391E-05   0.65218E-05
   0.10614E-03   0.22318E-03   0.65952E-04   0.11324E-03   0.55217E-04
   0.89654E-05   0.17588E-04   0.18376E-04   0.76945E-05   0.71905E-04
   0.39976E-05   0.17617E-04   0.29699E-03   0.26173E-04
 513.00 0.0001   0.45027E-05   0.30226E-04   0.14741E-03   0.12677E-03
   0.91784E-04   0.10524E-03   0.59165E-04   0.30639E-05   0.16171E-04
   0.86966E-04   0.24756E-03   0.74866E-04   0.11642E-03   0.42939E-04
   0.50448E-05   0.17590E-04   0.19572E-04   0.80360E-05   0.46798E-04
   0.13775E-05   0.79028E-05   0.28856E-03   0.28602E-04
 516.00 0.0001   0.76324E-05   0.52578E-04   0.23172E-03   0.15466E-03
   0.54859E-04   0.99370E-04   0.55359E-04   0.42491E-05   0.22572E-04
   0.67510E-04   0.25532E-03   0.10669E-03   0.11430E-03   0.34954E-04
   0.22127E-04   0.16338E-04   0.25093E-04   0.89770E-05   0.36598E-04
   0.24695E-05   0.48674E-05   0.31671E-03   0.41514E-04
 519.00 0.0001   0.11132E-04   0.78138E-04   0.37307E-03   0.15595E-03
   0.15806E-04   0.10021E-03   0.43779E-04   0.61065E-05   0.17648E-04
   0.63422E-04   0.24902E-03   0.16065E-03   0.10293E-03   0.29703E-04
   0.33867E-04   0.13989E-04   0.35289E-04   0.68816E-05   0.67818E-04
   0.74590E-05   0.69653E-05   0.33846E-03   0.75708E-04
 522.00 0.0001   0.15399E-04   0.81412E-04   0.53021E-03   0.14369E-03
   0.20409E-05   0.97756E-04   0.36308E-04   0.10175E-04   0.18350E-04
   0.66337E-04   0.27093E-03   0.22857E-03   0.92203E-04   0.31523E-04
   0.28162E-04   0.17537E-04   0.45500E-04   0.27443E-05   0.92033E-04
   0.13123E-04   0.19443E-04   0.32892E-03   0.11631E-03
 525.00 0.0001   0.21204E-04   0.92971E-04   0.63530E-03   0.13987E-03
   0.22816E-04   0.92396E-04   0.33250E-04   0.12825E-04   0.30518E-04
   0.82719E-04   0.32790E-03   0.24978E-03   0.81034E-04   0.29657E-04
   0.19069E-04   0.17637E-04   0.59190E-04   0.93388E-06   0.88107E-04
   0.13013E-04   0.35492E-04   0.28089E-03   0.14588E-03
 528.00 0.0001   0.24472E-04   0.13600E-03   0.69501E-03   0.15658E-03
   0.84883E-04   0.90795E-04   0.21425E-04   0.13237E-04   0.41235E-04
   0.99229E-04   0.34992E-03   0.20553E-03   0.81873E-04   0.19700E-04
   0.69688E-05   0.11403E-04   0.71126E-04   0.25862E-05   0.66902E-04
   0.11229E-04   0.34745E-04   0.20639E-03   0.16708E-03
 531.00 0.0001   0.19109E-04   0.15876E-03   0.68659E-03   0.19603E-03
   0.16137E-03   0.74581E-04   0.10057E-04   0.11410E-04   0.47379E-04
   0.92121E-04   0.31633E-03   0.13236E-03   0.93752E-04   0.18518E-04
   0.68186E-06   0.69834E-05   0.73674E-04   0.71569E-05   0.48083E-04
   0.19032E-04   0.23383E-04   0.16067E-03   0.18390E-03
 534.00 0.0001   0.11585E-04   0.20146E-03   0.58618E-03   0.23149E-03
   0.20623E-03   0.54180E-04   0.65477E-05   0.72019E-05   0.39665E-04
   0.75453E-04   0.27828E-03   0.94731E-04   0.97815E-04   0.21246E-04
   0.35553E-05   0.82556E-05   0.75469E-04   0.15764E-04   0.35906E-04
   0.32799E-04   0.12422E-04   0.14380E-03   0.19522E-03
 537.00 0.0001   0.69208E-05   0.32010E-03   0.42251E-03   0.23416E-03
   0.22606E-03   0.44335E-04   0.87983E-05   0.57994E-05   0.23378E-04
   0.64312E-04   0.23366E-03   0.61194E-04   0.10573E-03   0.25783E-04
   0.81383E-05   0.13448E-04   0.89862E-04   0.24390E-04   0.28365E-04
   0.20940E-04   0.63035E-05   0.11979E-03   0.20399E-03
 540.00 0.0001   0.22222E-05   0.41234E-03   0.25935E-03   0.23343E-03
   0.22124E-03   0.50358E-04   0.12141E-04   0.47575E-05   0.13306E-04
   0.56653E-04   0.19758E-03   0.20884E-04   0.10036E-03   0.39538E-04
   0.17332E-04   0.25726E-04   0.10011E-03   0.28860E-04   0.12306E-04
   0.11662E-04   0.25014E-05   0.72278E-04   0.21992E-03
 543.00 0.0001   0.30357E-07   0.41366E-03   0.14097E-03   0.20805E-03
   0.19229E-03   0.82709E-04   0.15982E-04   0.27502E-05   0.10737E-04
   0.56493E-04   0.17689E-03   0.31953E-04   0.80142E-04   0.57541E-04
   0.22880E-04   0.41159E-04   0.12126E-03   0.26681E-04   0.22135E-05
   0.17052E-04   0.66076E-06   0.32839E-04   0.26311E-03
 546.00 0.0001   0.40697E-06   0.31531E-03   0.69092E-04   0.13493E-03
   0.16183E-03   0.13664E-03   0.15229E-04   0.30570E-05   0.10324E-04
   0.61158E-04   0.17815E-03   0.66458E-04   0.61855E-04   0.61049E-04
   0.20307E-04   0.49369E-04   0.18906E-03   0.16320E-04   0.15259E-05
   0.17736E-04   0.47335E-06   0.15186E-04   0.31753E-03
 549.00 0.0001   0.15172E-05   0.17032E-03   0.59386E-04   0.11871E-03
   0.17822E-03   0.18468E-03   0.84001E-05   0.45127E-05   0.12152E-04
   0.61830E-04   0.18370E-03   0.81791E-04   0.52689E-04   0.48654E-04
   0.14611E-04   0.47933E-04   0.25705E-03   0.93586E-05   0.50704E-05
   0.65939E-05   0.45779E-06   0.10838E-04   0.37680E-03
 552.00 0.0001   0.19374E-05   0.11796E-03   0.63007E-04   0.15510E-03
   0.19851E-03   0.19036E-03   0.22277E-05   0.44810E-05   0.18178E-04
   0.57606E-04   0.16110E-03   0.73150E-04   0.53112E-04   0.32637E-04
   0.13213E-04   0.37658E-04   0.28515E-03   0.63302E-05   0.91936E-05
   0.96945E-06   0.94677E-07   0.81706E-05   0.41801E-03
 555.00 0.0001   0.54945E-06   0.14859E-03   0.69067E-04   0.14591E-03
   0.18929E-03   0.16412E-03   0.10570E-05   0.36814E-05   0.20431E-04
   0.49700E-04   0.13582E-03   0.71039E-04   0.48990E-04   0.15267E-04
   0.21769E-04   0.19983E-04   0.29720E-03   0.60051E-05   0.13126E-04
   0.73611E-05   0.19814E-06   0.73720E-05   0.43126E-03
 558.00 0.0001   0.96621E-06   0.17063E-03   0.77213E-04   0.10971E-03
   0.19043E-03   0.15544E-03   0.20783E-05   0.68837E-05   0.17352E-04
   0.41120E-04   0.12778E-03   0.89444E-04   0.44115E-04   0.54438E-05
   0.32521E-04   0.24863E-04   0.25597E-03   0.54717E-05   0.13952E-04
   0.16863E-04   0.15696E-05   0.88827E-05   0.42501E-03
 561.00 0.0001   0.45197E-05   0.17598E-03   0.61368E-04   0.74093E-04
   0.21689E-03   0.16388E-03   0.28397E-05   0.12609E-04   0.18027E-04
   0.33190E-04   0.14637E-03   0.12147E-03   0.32584E-04   0.30529E-05
   0.39474E-04   0.84160E-04   0.17842E-03   0.40961E-05   0.14187E-04
   0.25670E-04   0.32660E-05   0.13356E-04   0.42454E-03
 564.00 0.0001   0.12249E-04   0.19423E-03   0.34378E-04   0.35306E-04
   0.25269E-03   0.15996E-03   0.29887E-05   0.12255E-04   0.18966E-04
   0.27234E-04   0.14637E-03   0.12638E-03   0.15282E-04   0.89184E-06
   0.44893E-04   0.13471E-03   0.11452E-03   0.41528E-05   0.15853E-04
   0.42109E-04   0.38656E-05   0.18843E-04   0.41904E-03
 567.00 0.0001   0.21653E-04   0.18967E-03   0.29801E-04   0.16227E-04
   0.27124E-03   0.13836E-03   0.34622E-05   0.10506E-04   0.11841E-04
   0.32948E-04   0.10443E-03   0.12131E-03   0.23744E-04   0.23159E-06
   0.45657E-04   0.16212E-03   0.89169E-04   0.43482E-05   0.16629E-04
   0.54314E-04   0.45954E-05   0.29570E-04   0.35528E-03
 570.00 0.0001   0.25613E-04   0.15765E-03   0.56363E-04   0.14930E-04
   0.27566E-03   0.12150E-03   0.31535E-05   0.78965E-05   0.93710E-05
   0.46989E-04   0.69313E-04   0.13750E-03   0.45395E-04   0.24776E-05
   0.35114E-04   0.17898E-03   0.75661E-04   0.39524E-05   0.21604E-04
   0.54142E-04   0.66096E-05   0.41591E-04   0.24904E-03
 573.00 0.0001   0.25000E-04   0.15657E-03   0.88309E-04   0.97764E-05
   0.25932E-03   0.11276E-03   0.19531E-05   0.40646E-05   0.14528E-04
   0.50595E-04   0.56646E-04   0.15599E-03   0.80528E-04   0.72339E-05
   0.17640E-04   0.17956E-03   0.77002E-04   0.34006E-05   0.28545E-04
   0.46024E-04   0.87014E-05   0.50629E-04   0.15818E-03
 576.00 0.0001   0.21251E-04   0.17586E-03   0.10094E-03   0.33924E-05
   0.24172E-03   0.10016E-03   0.15913E-05   0.30913E-05   0.13523E-04
   0.48503E-04   0.55431E-04   0.15819E-03   0.11600E-03   0.13220E-04
   0.29101E-05   0.18004E-03   0.99232E-04   0.32227E-05   0.30652E-04
   0.34244E-04   0.13382E-04   0.55330E-04   0.11197E-03
 579.00 0.0001   0.19435E-04   0.19427E-03   0.92099E-04   0.17563E-06
   0.21117E-03   0.86775E-04   0.88316E-06   0.31729E-05   0.95823E-05
   0.34748E-04   0.48092E-04   0.14896E-03   0.12888E-03   0.20356E-04
   0.15206E-05   0.16112E-03   0.10983E-03   0.25693E-05   0.27154E-04
   0.26513E-04   0.27883E-04   0.45482E-04   0.10612E-03
 582.00 0.0001   0.20312E-04   0.19795E-03   0.83247E-04   0.24064E-06
   0.18675E-03   0.71101E-04   0.17092E-05   0.23471E-05   0.11690E-04
   0.20018E-04   0.44277E-04   0.13969E-03   0.11983E-03   0.19794E-04
   0.96605E-05   0.13491E-03   0.10495E-03   0.17639E-05   0.28021E-04
   0.22741E-04   0.52140E-04   0.33013E-04   0.99792E-04
 585.00 0.0001   0.16994E-04   0.16666E-03   0.69530E-04   0.27763E-06
   0.18719E-03   0.56518E-04   0.43548E-05   0.19728E-05   0.18312E-04
   0.13662E-04   0.35848E-04   0.13887E-03   0.11259E-03   0.15533E-04
   0.13247E-04   0.14671E-03   0.81503E-04   0.16542E-05   0.27723E-04
   0.16039E-04   0.69500E-04   0.28230E-04   0.89955E-04
 588.00 0.0001   0.13431E-04   0.12787E-03   0.53078E-04   0.30804E-05
   0.19531E-03   0.47097E-04   0.58723E-05   0.24435E-05   0.31962E-04
   0.10966E-04   0.33920E-04   0.14086E-03   0.10990E-03   0.16534E-04
   0.12428E-04   0.16606E-03   0.47378E-04   0.15248E-05   0.18532E-04
   0.16738E-04   0.69847E-04   0.54444E-04   0.76465E-04
 591.00 0.0001   0.12908E-04   0.10862E-03   0.63660E-04   0.11615E-04
   0.22050E-03   0.39815E-04   0.76810E-05   0.43737E-05   0.47208E-04
   0.11901E-04   0.43127E-04   0.12686E-03   0.14248E-03   0.26235E-04
   0.10655E-04   0.15688E-03   0.30236E-04   0.15731E-05   0.12881E-04
   0.20769E-04   0.62253E-04   0.10121E-03   0.59272E-04
 594.00 0.0001   0.10863E-04   0.94877E-04   0.96129E-04   0.19351E-04
   0.26593E-03   0.36005E-04   0.96991E-05   0.69526E-05   0.49800E-04
   0.12359E-04   0.48678E-04   0.10100E-03   0.17236E-03   0.48368E-04
   0.15148E-04   0.14402E-03   0.33025E-04   0.13153E-05   0.11239E-04
   0.22172E-04   0.65907E-04   0.16139E-03   0.32790E-04
 597.00 0.0001   0.66160E-05   0.83265E-04   0.96158E-04   0.18930E-04
   0.30697E-03   0.37734E-04   0.70821E-05   0.88736E-05   0.48072E-04
   0.10203E-04   0.41991E-04   0.80696E-04   0.16717E-03   0.68953E-04
   0.68205E-05   0.15427E-03   0.51925E-04   0.15616E-05   0.11634E-04
   0.19073E-04   0.77519E-04   0.19735E-03   0.91959E-05
 600.00 0.0001   0.51109E-05   0.76279E-04   0.55982E-04   0.17180E-04
   0.32049E-03   0.34553E-04   0.15863E-05   0.15012E-04   0.50122E-04
   0.87606E-05   0.30469E-04   0.75741E-04   0.16622E-03   0.75201E-04
   0.34919E-05   0.18210E-03   0.71285E-04   0.19229E-05   0.13794E-04
   0.15197E-04   0.81007E-04   0.18223E-03   0.35390E-05
